<?xml version="1.0" encoding="UTF-8"?>
<!-- Generated by org.testng.reporters.JUnitXMLReporter -->
<testsuite ignored="0" hostname="Hanu_Singh" failures="0" tests="7" name="BankingApp Test" time="125.003" errors="0" timestamp="2022-05-12T11:00:57 IST">
  <testcase classname="com.inetbanking.testCases.TC_LoginTest_001" name="loginTest" time="3.272"/>
  <testcase classname="com.inetbanking.testCases.TC_LoginTest_002" name="loginDDT" time="17.179"/>
  <testcase classname="com.inetbanking.testCases.TC_LoginTest_002" name="loginDDT" time="12.058"/>
  <testcase classname="com.inetbanking.testCases.TC_LoginTest_002" name="loginDDT" time="14.167"/>
  <testcase classname="com.inetbanking.testCases.TC_LoginTest_002" name="loginDDT" time="12.321"/>
  <testcase classname="com.inetbanking.testCases.TC_LoginTest_002" name="loginDDT" time="14.428"/>
  <testcase classname="com.inetbanking.testCases.TC_AddCustomerTest_003" name="addNewCustomer" time="22.847"/>
</testsuite> <!-- BankingApp Test -->
