<?xml version="1.0" encoding="UTF-8"?>
<!-- Generated by org.testng.reporters.JUnitXMLReporter -->
<testsuite ignored="0" hostname="Hanu_Singh" failures="0" tests="6" name="BankingApp Test" time="154.93" errors="0" timestamp="2022-05-12T14:49:00 IST">
  <testcase classname="com.inetbanking.testCases.TC_LoginTest_001" name="loginTest" time="22.384"/>
  <testcase classname="com.inetbanking.testCases.TC_LoginTest_002" name="loginDDT" time="17.495"/>
  <testcase classname="com.inetbanking.testCases.TC_LoginTest_002" name="loginDDT" time="12.187"/>
  <testcase classname="com.inetbanking.testCases.TC_LoginTest_002" name="loginDDT" time="15.643"/>
  <testcase classname="com.inetbanking.testCases.TC_LoginTest_002" name="loginDDT" time="12.224"/>
  <testcase classname="com.inetbanking.testCases.TC_LoginTest_002" name="loginDDT" time="14.695"/>
</testsuite> <!-- BankingApp Test -->
