<?xml version="1.0" encoding="UTF-8"?>
<testsuite name="TestSuite" time="39.87" tests="6" errors="0" skipped="0" failures="0">
  <properties>
[...]
</properties>
  <testcase name="loginTest" classname="com.inetbanking.testCases.TC_LoginTest_001" time="22.379"/>
  <testcase name="loginDDT" classname="com.inetbanking.testCases.TC_LoginTest_002" time="17.491"/>
  <testcase name="loginDDT" classname="com.inetbanking.testCases.TC_LoginTest_002" time="12.188"/>
  <testcase name="loginDDT" classname="com.inetbanking.testCases.TC_LoginTest_002" time="15.642"/>
  <testcase name="loginDDT" classname="com.inetbanking.testCases.TC_LoginTest_002" time="12.231"/>
  <testcase name="loginDDT" classname="com.inetbanking.testCases.TC_LoginTest_002" time="14.688"/>
</testsuite>