<?xml version="1.0" encoding="UTF-8"?>
<testng-results ignored="0" total="7" passed="7" failed="0" skipped="0">
  <reporter-output>
  </reporter-output>
  <suite started-at="2022-05-12T10:58:52 IST" name="InetBankingV1" finished-at="2022-05-12T11:00:57 IST" duration-ms="125003">
    <groups>
    </groups>
    <test started-at="2022-05-12T10:58:52 IST" name="BankingApp Test" finished-at="2022-05-12T11:00:57 IST" duration-ms="125003">
      <class name="com.inetbanking.testCases.TC_LoginTest_001">
        <test-method is-config="true" signature="setup(java.lang.String)[pri:0, instance:com.inetbanking.testCases.TC_LoginTest_001@470734c3]" started-at="2022-05-12T10:58:52 IST" name="setup" finished-at="2022-05-12T10:59:02 IST" duration-ms="9946" status="PASS">
          <params>
            <param index="0">
              <value>
                <![CDATA[chrome]]>
              </value>
            </param>
          </params>
          <reporter-output>
          </reporter-output>
        </test-method> <!-- setup -->
        <test-method signature="loginTest()[pri:0, instance:com.inetbanking.testCases.TC_LoginTest_001@470734c3]" started-at="2022-05-12T10:59:02 IST" name="loginTest" finished-at="2022-05-12T10:59:06 IST" duration-ms="3272" status="PASS">
          <reporter-output>
          </reporter-output>
        </test-method> <!-- loginTest -->
        <test-method is-config="true" signature="tearDown()[pri:0, instance:com.inetbanking.testCases.TC_LoginTest_001@470734c3]" started-at="2022-05-12T10:59:06 IST" name="tearDown" finished-at="2022-05-12T10:59:06 IST" duration-ms="648" status="PASS">
          <reporter-output>
          </reporter-output>
        </test-method> <!-- tearDown -->
      </class> <!-- com.inetbanking.testCases.TC_LoginTest_001 -->
      <class name="com.inetbanking.testCases.TC_LoginTest_002">
        <test-method is-config="true" signature="setup(java.lang.String)[pri:0, instance:com.inetbanking.testCases.TC_LoginTest_002@76b1e9b8]" started-at="2022-05-12T10:59:06 IST" name="setup" finished-at="2022-05-12T10:59:12 IST" duration-ms="5887" status="PASS">
          <params>
            <param index="0">
              <value>
                <![CDATA[chrome]]>
              </value>
            </param>
          </params>
          <reporter-output>
          </reporter-output>
        </test-method> <!-- setup -->
        <test-method signature="loginDDT(java.lang.String,java.lang.String)[pri:0, instance:com.inetbanking.testCases.TC_LoginTest_002@76b1e9b8]" started-at="2022-05-12T10:59:15 IST" name="loginDDT" data-provider="LoginData" finished-at="2022-05-12T10:59:32 IST" duration-ms="17179" status="PASS">
          <params>
            <param index="0">
              <value>
                <![CDATA[mngr401955]]>
              </value>
            </param>
            <param index="1">
              <value>
                <![CDATA[dAmabar]]>
              </value>
            </param>
          </params>
          <reporter-output>
          </reporter-output>
        </test-method> <!-- loginDDT -->
        <test-method signature="loginDDT(java.lang.String,java.lang.String)[pri:0, instance:com.inetbanking.testCases.TC_LoginTest_002@76b1e9b8]" started-at="2022-05-12T10:59:32 IST" name="loginDDT" data-provider="LoginData" finished-at="2022-05-12T10:59:44 IST" duration-ms="12058" status="PASS">
          <params>
            <param index="0">
              <value>
                <![CDATA[mngr401975]]>
              </value>
            </param>
            <param index="1">
              <value>
                <![CDATA[dAmaght]]>
              </value>
            </param>
          </params>
          <reporter-output>
          </reporter-output>
        </test-method> <!-- loginDDT -->
        <test-method signature="loginDDT(java.lang.String,java.lang.String)[pri:0, instance:com.inetbanking.testCases.TC_LoginTest_002@76b1e9b8]" started-at="2022-05-12T10:59:44 IST" name="loginDDT" data-provider="LoginData" finished-at="2022-05-12T10:59:58 IST" duration-ms="14167" status="PASS">
          <params>
            <param index="0">
              <value>
                <![CDATA[mngr402475]]>
              </value>
            </param>
            <param index="1">
              <value>
                <![CDATA[aqamere]]>
              </value>
            </param>
          </params>
          <reporter-output>
          </reporter-output>
        </test-method> <!-- loginDDT -->
        <test-method signature="loginDDT(java.lang.String,java.lang.String)[pri:0, instance:com.inetbanking.testCases.TC_LoginTest_002@76b1e9b8]" started-at="2022-05-12T10:59:58 IST" name="loginDDT" data-provider="LoginData" finished-at="2022-05-12T11:00:10 IST" duration-ms="12321" status="PASS">
          <params>
            <param index="0">
              <value>
                <![CDATA[mngr402589]]>
              </value>
            </param>
            <param index="1">
              <value>
                <![CDATA[aqamytu]]>
              </value>
            </param>
          </params>
          <reporter-output>
          </reporter-output>
        </test-method> <!-- loginDDT -->
        <test-method signature="loginDDT(java.lang.String,java.lang.String)[pri:0, instance:com.inetbanking.testCases.TC_LoginTest_002@76b1e9b8]" started-at="2022-05-12T11:00:10 IST" name="loginDDT" data-provider="LoginData" finished-at="2022-05-12T11:00:25 IST" duration-ms="14428" status="PASS">
          <params>
            <param index="0">
              <value>
                <![CDATA[mngr402476]]>
              </value>
            </param>
            <param index="1">
              <value>
                <![CDATA[zagutUg]]>
              </value>
            </param>
          </params>
          <reporter-output>
          </reporter-output>
        </test-method> <!-- loginDDT -->
        <test-method is-config="true" signature="tearDown()[pri:0, instance:com.inetbanking.testCases.TC_LoginTest_002@76b1e9b8]" started-at="2022-05-12T11:00:25 IST" name="tearDown" finished-at="2022-05-12T11:00:25 IST" duration-ms="669" status="PASS">
          <reporter-output>
          </reporter-output>
        </test-method> <!-- tearDown -->
      </class> <!-- com.inetbanking.testCases.TC_LoginTest_002 -->
      <class name="com.inetbanking.testCases.TC_AddCustomerTest_003">
        <test-method is-config="true" signature="setup(java.lang.String)[pri:0, instance:com.inetbanking.testCases.TC_AddCustomerTest_003@27406a17]" started-at="2022-05-12T11:00:25 IST" name="setup" finished-at="2022-05-12T11:00:32 IST" duration-ms="6338" status="PASS">
          <params>
            <param index="0">
              <value>
                <![CDATA[chrome]]>
              </value>
            </param>
          </params>
          <reporter-output>
          </reporter-output>
        </test-method> <!-- setup -->
        <test-method signature="addNewCustomer()[pri:0, instance:com.inetbanking.testCases.TC_AddCustomerTest_003@27406a17]" started-at="2022-05-12T11:00:32 IST" name="addNewCustomer" finished-at="2022-05-12T11:00:55 IST" duration-ms="22847" status="PASS">
          <reporter-output>
          </reporter-output>
        </test-method> <!-- addNewCustomer -->
        <test-method is-config="true" signature="tearDown()[pri:0, instance:com.inetbanking.testCases.TC_AddCustomerTest_003@27406a17]" started-at="2022-05-12T11:00:55 IST" name="tearDown" finished-at="2022-05-12T11:00:57 IST" duration-ms="2377" status="PASS">
          <reporter-output>
          </reporter-output>
        </test-method> <!-- tearDown -->
      </class> <!-- com.inetbanking.testCases.TC_AddCustomerTest_003 -->
    </test> <!-- BankingApp Test -->
  </suite> <!-- InetBankingV1 -->
</testng-results>
